<?xml version="1.0" encoding="UTF-8"?>
<!-- Generated by org.testng.reporters.JUnitReportReporter -->
<testsuite skipped="0" hostname="LAPTOP-B569GJI4" name="scripts.Demo" tests="1" failures="0" timestamp="2021-12-23T07:58:05 IST" time="6.196" errors="0">
  <testcase name="testA" time="6.196" classname="scripts.Demo"/>
  <system-out>
    <![CDATA[XL Data:Channa
Demo test]]>
  </system-out>
</testsuite> <!-- scripts.Demo -->
